<?xml version="1.0" encoding="UTF-8"?>
<!-- Generated by org.testng.reporters.JUnitReportReporter -->
<testsuite hostname="hotaru" failures="0" tests="1" name="pageTest.OderCompleteTest" time="89.284" errors="0" timestamp="2023-08-26T15:20:34 ICT" skipped="0">
  <testcase classname="pageTest.OderCompleteTest" name="end2EndTest" time="89.284"/>
  <system-out/>
</testsuite> <!-- pageTest.OderCompleteTest -->
